<?xml version="1.0" encoding="UTF-8"?>
<!-- Generated by org.testng.reporters.JUnitReportReporter -->
<testsuite hostname="Lenovo-AIO" failures="0" tests="4" name="com.w2a.testcases.AddCustomerTest" time="3.379" errors="0" timestamp="2024-05-27T12:36:37 CEST" skipped="0">
  <testcase classname="com.w2a.testcases.AddCustomerTest" name="addCustomerTest" time="0.776"/>
  <testcase classname="com.w2a.testcases.AddCustomerTest" name="addCustomerTest" time="0.777"/>
  <testcase classname="com.w2a.testcases.AddCustomerTest" name="addCustomerTest" time="0.792"/>
  <testcase classname="com.w2a.testcases.AddCustomerTest" name="addCustomerTest" time="1.034"/>
  <system-out>
    <![CDATA[<br>Verification failure: expected [abc] but found [xyz]<br>
<a target="_blank" href=Mon_May_27_12_36_32_CEST_2024.jpg><img src=Mon_May_27_12_36_32_CEST_2024.jpg  height=200 width=200></a>
<br>
<br>
Capturing screenshot !!!
<a target="_blank" href=Mon_May_27_12_36_33_CEST_2024.jpg>Screenshot</a>
<br>
<a target="_blank" href=Mon_May_27_12_36_33_CEST_2024.jpg><img src=Mon_May_27_12_36_33_CEST_2024.jpg  height=200 width=200></a>
Capturing screenshot !!!
<a target="_blank" href=Mon_May_27_12_36_37_CEST_2024.jpg>Screenshot</a>
<br>
<a target="_blank" href=Mon_May_27_12_36_37_CEST_2024.jpg><img src=Mon_May_27_12_36_37_CEST_2024.jpg  height=200 width=200></a>]]>
  </system-out>
</testsuite> <!-- com.w2a.testcases.AddCustomerTest -->
