<?xml version="1.0" encoding="UTF-8"?>
<!-- Generated by org.testng.reporters.JUnitReportReporter -->
<testsuite hostname="Lenovo-AIO" failures="0" tests="1" name="com.w2a.testcases.LoginTest" time="0.631" errors="0" timestamp="08 May 2024 12:32:04 GMT" skipped="0">
  <testcase classname="com.w2a.testcases.LoginTest" name="loginAsBankManager" time="0.631"/>
</testsuite> <!-- com.w2a.testcases.LoginTest -->
