<?xml version="1.0" encoding="UTF-8"?>
<!-- Generated by org.testng.reporters.JUnitReportReporter -->
<testsuite hostname="Lenovo-AIO" failures="0" tests="1" name="com.w2a.testcases.BankManagerLoginTest" time="1.268" errors="0" timestamp="2024-05-29T13:54:35 CEST" skipped="0">
  <testcase classname="com.w2a.testcases.BankManagerLoginTest" name="bankManagerLoginTest" time="1.268">
    <system-out>
      <![CDATA[<br>Verification failure: expected [abc] but found [xyz]<br>
<a target="_blank" href=Wed_May_29_13_54_29_CEST_2024.jpg><img src=Wed_May_29_13_54_29_CEST_2024.jpg  height=200 width=200></a>
<br>
<br>]]>
    </system-out>
  </testcase> <!-- bankManagerLoginTest -->
  <system-out>
    <![CDATA[<br>Verification failure: expected [abc] but found [xyz]<br>
<a target="_blank" href=Wed_May_29_13_54_29_CEST_2024.jpg><img src=Wed_May_29_13_54_29_CEST_2024.jpg  height=200 width=200></a>
<br>
<br>]]>
  </system-out>
</testsuite> <!-- com.w2a.testcases.BankManagerLoginTest -->
